<?xml version="1.0" encoding="UTF-8"?>
<coverage generated="1705145681191" clover="3.2.0">
  <project timestamp="1705145681192" name="All files">
    <metrics statements="2" coveredstatements="2" conditionals="0" coveredconditionals="0" methods="2" coveredmethods="2" elements="4" coveredelements="4" complexity="0" loc="2" ncloc="2" packages="1" files="2" classes="2"/>
    <file name="Contact.js" path="C:\Users\DELL\Documents\React\React101\src\components\Contact.js">
      <metrics statements="1" coveredstatements="1" conditionals="0" coveredconditionals="0" methods="1" coveredmethods="1"/>
      <line num="2" count="1" type="stmt"/>
    </file>
    <file name="sum.js" path="C:\Users\DELL\Documents\React\React101\src\components\sum.js">
      <metrics statements="1" coveredstatements="1" conditionals="0" coveredconditionals="0" methods="1" coveredmethods="1"/>
      <line num="2" count="1" type="stmt"/>
    </file>
  </project>
</coverage>
