{"C:\\Users\\DELL\\Documents\\React\\React101\\src\\components\\Contact.js": {"path":"C:\\Users\\DELL\\Documents\\React\\React101\\src\\components\\Contact.js","statementMap":{"0":{"start":{"line":2,"column":4},"end":{"line":7,"column":5}}},"fnMap":{"0":{"name":"Contact","decl":{"start":{"line":1,"column":24},"end":{"line":1,"column":31}},"loc":{"start":{"line":1,"column":33},"end":{"line":8,"column":1}},"line":1}},"branchMap":{},"s":{"0":1},"f":{"0":1},"b":{},"_coverageSchema":"1a1c01bbd47fc00a2c39e90264f33305004495a9","hash":"16ef0f18176168e78ca8989c1caaafd89da230cd"}
,"C:\\Users\\DELL\\Documents\\React\\React101\\src\\components\\sum.js": {"path":"C:\\Users\\DELL\\Documents\\React\\React101\\src\\components\\sum.js","statementMap":{"0":{"start":{"line":2,"column":4},"end":{"line":2,"column":17}}},"fnMap":{"0":{"name":"sum","decl":{"start":{"line":1,"column":16},"end":{"line":1,"column":19}},"loc":{"start":{"line":1,"column":24},"end":{"line":3,"column":1}},"line":1}},"branchMap":{},"s":{"0":1},"f":{"0":1},"b":{},"_coverageSchema":"1a1c01bbd47fc00a2c39e90264f33305004495a9","hash":"0b8e706d638f1a5a03e6928b975b128797274335"}
}
