{"C:\\Users\\DELL\\Documents\\React\\React101\\src\\components\\Contact.js": {"path":"C:\\Users\\DELL\\Documents\\React\\React101\\src\\components\\Contact.js","statementMap":{"0":{"start":{"line":2,"column":4},"end":{"line":15,"column":5}}},"fnMap":{"0":{"name":"Contact","decl":{"start":{"line":1,"column":24},"end":{"line":1,"column":31}},"loc":{"start":{"line":1,"column":33},"end":{"line":16,"column":1}},"line":1}},"branchMap":{},"s":{"0":4},"f":{"0":4},"b":{},"_coverageSchema":"1a1c01bbd47fc00a2c39e90264f33305004495a9","hash":"a9958b17e89bd60b539676b6d699903c8c6f3f98"}
,"C:\\Users\\DELL\\Documents\\React\\React101\\src\\components\\Header.js": {"path":"C:\\Users\\DELL\\Documents\\React\\React101\\src\\components\\Header.js","statementMap":{"0":{"start":{"line":7,"column":15},"end":{"line":39,"column":3}},"1":{"start":{"line":9,"column":32},"end":{"line":9,"column":49}},"2":{"start":{"line":11,"column":18},"end":{"line":11,"column":41}},"3":{"start":{"line":12,"column":0},"end":{"line":12,"column":23}},"4":{"start":{"line":13,"column":4},"end":{"line":38,"column":6}},"5":{"start":{"line":29,"column":18},"end":{"line":34,"column":19}},"6":{"start":{"line":30,"column":20},"end":{"line":30,"column":41}},"7":{"start":{"line":33,"column":20},"end":{"line":33,"column":40}}},"fnMap":{"0":{"name":"(anonymous_0)","decl":{"start":{"line":7,"column":15},"end":{"line":7,"column":16}},"loc":{"start":{"line":7,"column":21},"end":{"line":39,"column":3}},"line":7},"1":{"name":"(anonymous_1)","decl":{"start":{"line":28,"column":23},"end":{"line":28,"column":24}},"loc":{"start":{"line":28,"column":28},"end":{"line":35,"column":15}},"line":28}},"branchMap":{"0":{"loc":{"start":{"line":29,"column":18},"end":{"line":34,"column":19}},"type":"if","locations":[{"start":{"line":29,"column":18},"end":{"line":34,"column":19}},{"start":{"line":32,"column":22},"end":{"line":34,"column":19}}],"line":29}},"s":{"0":1,"1":3,"2":3,"3":3,"4":3,"5":1,"6":1,"7":0},"f":{"0":3,"1":1},"b":{"0":[1,0]},"_coverageSchema":"1a1c01bbd47fc00a2c39e90264f33305004495a9","hash":"9d963e44fafcb868d8a97769f948f1c50de54b68"}
,"C:\\Users\\DELL\\Documents\\React\\React101\\src\\components\\Restaurant.js": {"path":"C:\\Users\\DELL\\Documents\\React\\React101\\src\\components\\Restaurant.js","statementMap":{"0":{"start":{"line":3,"column":19},"end":{"line":26,"column":5}},"1":{"start":{"line":4,"column":22},"end":{"line":4,"column":27}},"2":{"start":{"line":6,"column":60},"end":{"line":6,"column":73}},"3":{"start":{"line":9,"column":6},"end":{"line":25,"column":8}}},"fnMap":{"0":{"name":"(anonymous_0)","decl":{"start":{"line":3,"column":19},"end":{"line":3,"column":20}},"loc":{"start":{"line":3,"column":30},"end":{"line":26,"column":5}},"line":3}},"branchMap":{},"s":{"0":1,"1":1,"2":1,"3":1},"f":{"0":1},"b":{},"_coverageSchema":"1a1c01bbd47fc00a2c39e90264f33305004495a9","hash":"b35db49597025b1ebf6382a06022a9f5ff821de3"}
,"C:\\Users\\DELL\\Documents\\React\\React101\\src\\components\\sum.js": {"path":"C:\\Users\\DELL\\Documents\\React\\React101\\src\\components\\sum.js","statementMap":{"0":{"start":{"line":2,"column":4},"end":{"line":2,"column":17}}},"fnMap":{"0":{"name":"sum","decl":{"start":{"line":1,"column":16},"end":{"line":1,"column":19}},"loc":{"start":{"line":1,"column":24},"end":{"line":3,"column":1}},"line":1}},"branchMap":{},"s":{"0":1},"f":{"0":1},"b":{},"_coverageSchema":"1a1c01bbd47fc00a2c39e90264f33305004495a9","hash":"0b8e706d638f1a5a03e6928b975b128797274335"}
,"C:\\Users\\DELL\\Documents\\React\\React101\\src\\utils\\appStore.js": {"path":"C:\\Users\\DELL\\Documents\\React\\React101\\src\\utils\\appStore.js","statementMap":{"0":{"start":{"line":3,"column":17},"end":{"line":8,"column":2}}},"fnMap":{},"branchMap":{},"s":{"0":1},"f":{},"b":{},"_coverageSchema":"1a1c01bbd47fc00a2c39e90264f33305004495a9","hash":"a3d77b3240bc55c508baf2d22e20aeffeac62dcc"}
,"C:\\Users\\DELL\\Documents\\React\\React101\\src\\utils\\cartSlice.js": {"path":"C:\\Users\\DELL\\Documents\\React\\React101\\src\\utils\\cartSlice.js","statementMap":{"0":{"start":{"line":3,"column":25},"end":{"line":19,"column":2}},"1":{"start":{"line":10,"column":15},"end":{"line":10,"column":48}},"2":{"start":{"line":13,"column":15},"end":{"line":13,"column":33}},"3":{"start":{"line":16,"column":15},"end":{"line":16,"column":38}},"4":{"start":{"line":22,"column":48},"end":{"line":22,"column":65}},"5":{"start":{"line":23,"column":26},"end":{"line":23,"column":55}},"6":{"start":{"line":23,"column":37},"end":{"line":23,"column":55}}},"fnMap":{"0":{"name":"(anonymous_0)","decl":{"start":{"line":9,"column":20},"end":{"line":9,"column":21}},"loc":{"start":{"line":9,"column":37},"end":{"line":11,"column":13}},"line":9},"1":{"name":"(anonymous_1)","decl":{"start":{"line":12,"column":23},"end":{"line":12,"column":24}},"loc":{"start":{"line":12,"column":40},"end":{"line":14,"column":13}},"line":12},"2":{"name":"(anonymous_2)","decl":{"start":{"line":15,"column":22},"end":{"line":15,"column":23}},"loc":{"start":{"line":15,"column":38},"end":{"line":17,"column":13}},"line":15},"3":{"name":"(anonymous_3)","decl":{"start":{"line":23,"column":26},"end":{"line":23,"column":27}},"loc":{"start":{"line":23,"column":37},"end":{"line":23,"column":55}},"line":23}},"branchMap":{},"s":{"0":1,"1":0,"2":0,"3":0,"4":1,"5":1,"6":4},"f":{"0":0,"1":0,"2":0,"3":4},"b":{},"_coverageSchema":"1a1c01bbd47fc00a2c39e90264f33305004495a9","hash":"faf26a2ef141caf862cef4c5b2efbcbbc7091fdf"}
,"C:\\Users\\DELL\\Documents\\React\\React101\\src\\utils\\constants.js": {"path":"C:\\Users\\DELL\\Documents\\React\\React101\\src\\utils\\constants.js","statementMap":{"0":{"start":{"line":2,"column":0},"end":{"line":2,"column":83}},"1":{"start":{"line":5,"column":0},"end":{"line":5,"column":101}}},"fnMap":{},"branchMap":{},"s":{"0":2,"1":2},"f":{},"b":{},"_coverageSchema":"1a1c01bbd47fc00a2c39e90264f33305004495a9","hash":"b2a46d843c208cf26369d1c1328a2c39c3a59d0e"}
}
