TN:
SF:src\components\Contact.js
FN:1,Contact
FNF:1
FNH:1
FNDA:4,Contact
DA:2,4
LF:1
LH:1
BRF:0
BRH:0
end_of_record
TN:
SF:src\components\Header.js
FN:7,(anonymous_0)
FN:28,(anonymous_1)
FNF:2
FNH:2
FNDA:3,(anonymous_0)
FNDA:1,(anonymous_1)
DA:7,1
DA:9,3
DA:11,3
DA:12,3
DA:13,3
DA:29,1
DA:30,1
DA:33,0
LF:8
LH:7
BRDA:29,0,0,1
BRDA:29,0,1,0
BRF:2
BRH:1
end_of_record
TN:
SF:src\components\Restaurant.js
FN:3,(anonymous_0)
FNF:1
FNH:1
FNDA:1,(anonymous_0)
DA:3,1
DA:4,1
DA:6,1
DA:9,1
LF:4
LH:4
BRF:0
BRH:0
end_of_record
TN:
SF:src\components\sum.js
FN:1,sum
FNF:1
FNH:1
FNDA:1,sum
DA:2,1
LF:1
LH:1
BRF:0
BRH:0
end_of_record
TN:
SF:src\utils\appStore.js
FNF:0
FNH:0
DA:3,1
LF:1
LH:1
BRF:0
BRH:0
end_of_record
TN:
SF:src\utils\cartSlice.js
FN:9,(anonymous_0)
FN:12,(anonymous_1)
FN:15,(anonymous_2)
FN:23,(anonymous_3)
FNF:4
FNH:1
FNDA:0,(anonymous_0)
FNDA:0,(anonymous_1)
FNDA:0,(anonymous_2)
FNDA:4,(anonymous_3)
DA:3,1
DA:10,0
DA:13,0
DA:16,0
DA:22,1
DA:23,4
LF:6
LH:3
BRF:0
BRH:0
end_of_record
TN:
SF:src\utils\constants.js
FNF:0
FNH:0
DA:2,2
DA:5,2
LF:2
LH:2
BRF:0
BRH:0
end_of_record
